<?xml version="1.0" encoding="UTF-8"?>
<robot generator="Robot 6.0.2 (Python 3.11.1 on win32)" generated="20230615 14:52:28.309" rpa="false" schemaversion="3">
<suite id="s1" name="Amazon Testes" source="c:\CursoUdemy\RobotFramework\WebTesting\amazon_testes.robot">
<kw name="Abrir o navegador" library="amazon_resources" type="SETUP">
<kw name="Open Browser" library="SeleniumLibrary">
<arg>browser=chrome</arg>
<doc>Opens a new browser instance to the optional ``url``.</doc>
<msg timestamp="20230615 14:52:28.793" level="INFO">Opening browser 'chrome' to base url 'None'.</msg>
<status status="PASS" starttime="20230615 14:52:28.793" endtime="20230615 14:52:30.295"/>
</kw>
<kw name="Maximize Browser Window" library="SeleniumLibrary">
<doc>Maximizes current browser window.</doc>
<status status="PASS" starttime="20230615 14:52:30.295" endtime="20230615 14:52:30.421"/>
</kw>
<status status="PASS" starttime="20230615 14:52:28.793" endtime="20230615 14:52:30.421"/>
</kw>
<test id="s1-t1" name="Caso de Teste 03 - Adicionar Produto no Carrinho" line="33">
<kw name="Acessar a home page do site Amazon.com.br" library="amazon_resources">
<kw name="Go To" library="SeleniumLibrary">
<arg>url=${URL}</arg>
<doc>Navigates the current browser window to the provided ``url``.</doc>
<msg timestamp="20230615 14:52:30.425" level="INFO">Opening url 'http://www.amazon.com.br'</msg>
<status status="PASS" starttime="20230615 14:52:30.425" endtime="20230615 14:52:32.674"/>
</kw>
<kw name="Wait Until Element Is Visible" library="SeleniumLibrary">
<arg>locator=${MENU_ELETRONICOS}</arg>
<doc>Waits until the element ``locator`` is visible.</doc>
<status status="PASS" starttime="20230615 14:52:32.674" endtime="20230615 14:52:32.758"/>
</kw>
<status status="PASS" starttime="20230615 14:52:30.425" endtime="20230615 14:52:32.758"/>
</kw>
<kw name="Digitar o nome de produto &quot;Xbox Series S&quot; no campo de pesquisa" library="amazon_resources" sourcename="Digitar o nome de produto &quot;${PRODUTO}&quot; no campo de pesquisa">
<kw name="Input Text" library="SeleniumLibrary">
<arg>locator=twotabsearchtextbox</arg>
<arg>text=${PRODUTO}</arg>
<doc>Types the given ``text`` into the text field identified by ``locator``.</doc>
<msg timestamp="20230615 14:52:32.762" level="INFO">Typing text 'Xbox Series S' into text field 'twotabsearchtextbox'.</msg>
<status status="PASS" starttime="20230615 14:52:32.758" endtime="20230615 14:52:33.069"/>
</kw>
<status status="PASS" starttime="20230615 14:52:32.758" endtime="20230615 14:52:33.069"/>
</kw>
<kw name="Clicar no botão de pesquisa" library="amazon_resources">
<kw name="Click Element" library="SeleniumLibrary">
<arg>locator=nav-search-submit-button</arg>
<doc>Click the element identified by ``locator``.</doc>
<msg timestamp="20230615 14:52:33.073" level="INFO">Clicking element 'nav-search-submit-button'.</msg>
<status status="PASS" starttime="20230615 14:52:33.069" endtime="20230615 14:52:33.265"/>
</kw>
<status status="PASS" starttime="20230615 14:52:33.069" endtime="20230615 14:52:33.269"/>
</kw>
<kw name="Verificar o resultado da pesquisa se está listando o produto &quot;Console Xbox Series S&quot;" library="amazon_resources" sourcename="Verificar o resultado da pesquisa se está listando o produto &quot;${PRODUTO}&quot;">
<kw name="Wait Until Element Is Visible" library="SeleniumLibrary">
<arg>locator=(//span[contains(.,'${PRODUTO}')])[2]</arg>
<doc>Waits until the element ``locator`` is visible.</doc>
<status status="PASS" starttime="20230615 14:52:33.269" endtime="20230615 14:52:34.960"/>
</kw>
<status status="PASS" starttime="20230615 14:52:33.269" endtime="20230615 14:52:34.960"/>
</kw>
<kw name="Adicionar o produto &quot;Console Xbox Series S&quot; no carrinho" library="amazon_resources" sourcename="Adicionar o produto &quot;${PRODUTO}&quot; no carrinho">
<kw name="Click Element" library="SeleniumLibrary">
<arg>locator=//span[@class='a-size-base-plus a-color-base a-text-normal'][contains(.,'${PRODUTO}')]</arg>
<doc>Click the element identified by ``locator``.</doc>
<msg timestamp="20230615 14:52:34.964" level="INFO">Clicking element '//span[@class='a-size-base-plus a-color-base a-text-normal'][contains(.,'Console Xbox Series S')]'.</msg>
<status status="PASS" starttime="20230615 14:52:34.960" endtime="20230615 14:52:39.167"/>
</kw>
<kw name="Wait Until Element Is Visible" library="SeleniumLibrary">
<arg>locator=${BOTAO_ADD_AO_CARRINHO}</arg>
<doc>Waits until the element ``locator`` is visible.</doc>
<status status="PASS" starttime="20230615 14:52:39.167" endtime="20230615 14:52:39.275"/>
</kw>
<kw name="Click Button" library="SeleniumLibrary">
<arg>locator=${BOTAO_ADD_AO_CARRINHO}</arg>
<doc>Clicks the button identified by ``locator``.</doc>
<msg timestamp="20230615 14:52:39.275" level="INFO">Clicking button 'add-to-cart-button'.</msg>
<status status="PASS" starttime="20230615 14:52:39.275" endtime="20230615 14:52:41.306"/>
</kw>
<kw name="Wait Until Element Is Visible" library="SeleniumLibrary">
<arg>locator=${NAO_OBRIGADO}</arg>
<doc>Waits until the element ``locator`` is visible.</doc>
<msg timestamp="20230615 14:52:46.643" level="INFO" html="true">&lt;/td&gt;&lt;/tr&gt;&lt;tr&gt;&lt;td colspan="3"&gt;&lt;a href="selenium-screenshot-76.png"&gt;&lt;img src="selenium-screenshot-76.png" width="800px"&gt;&lt;/a&gt;</msg>
<msg timestamp="20230615 14:52:46.643" level="FAIL">Element '//input[contains(@aria-labelledby,'attachSiNoCoverage-announce')]' not visible after 5 seconds.</msg>
<status status="FAIL" starttime="20230615 14:52:41.306" endtime="20230615 14:52:46.647"/>
</kw>
<kw name="Click Button" library="SeleniumLibrary">
<arg>locator=${NAO_OBRIGADO}</arg>
<doc>Clicks the button identified by ``locator``.</doc>
<status status="NOT RUN" starttime="20230615 14:52:46.647" endtime="20230615 14:52:46.647"/>
</kw>
<status status="FAIL" starttime="20230615 14:52:34.960" endtime="20230615 14:52:46.647"/>
</kw>
<kw name="Verificar se o produto &quot;Console Xbox Series S&quot; foi adicionado com sucesso" library="amazon_resources" sourcename="Verificar se o produto &quot;${ADICIONAR_PRODUTO}&quot; foi adicionado com sucesso">
<status status="NOT RUN" starttime="20230615 14:52:46.652" endtime="20230615 14:52:46.652"/>
</kw>
<doc>Esse teste verifica a remoção de um produto no carrinho de compras</doc>
<tag>adicionar_carrinho</tag>
<status status="FAIL" starttime="20230615 14:52:30.421" endtime="20230615 14:52:46.653">Element '//input[contains(@aria-labelledby,'attachSiNoCoverage-announce')]' not visible after 5 seconds.</status>
</test>
<doc>Essa suite testa o site da Amazon.con.br</doc>
<status status="FAIL" starttime="20230615 14:52:28.317" endtime="20230615 14:52:46.655"/>
</suite>
<statistics>
<total>
<stat pass="0" fail="1" skip="0">All Tests</stat>
</total>
<tag>
<stat pass="0" fail="1" skip="0">adicionar_carrinho</stat>
</tag>
<suite>
<stat pass="0" fail="1" skip="0" id="s1" name="Amazon Testes">Amazon Testes</stat>
</suite>
</statistics>
<errors>
</errors>
</robot>
