<?xml version="1.0" encoding="UTF-8"?>
<robot generator="Robot 6.0.2 (Python 3.11.1 on win32)" generated="20230125 11:42:47.757" rpa="false" schemaversion="3">
<suite id="s1" name="Amazon Testes" source="C:\CursoUdemy\RobotFramework\WebTesting\amazon_testes.robot">
<kw name="Abrir o navegador" library="amazon_resources" type="SETUP">
<kw name="Open Browser" library="SeleniumLibrary">
<arg>browser=chrome</arg>
<doc>Opens a new browser instance to the optional ``url``.</doc>
<msg timestamp="20230125 11:42:47.991" level="INFO">Opening browser 'chrome' to base url 'None'.</msg>
<status status="PASS" starttime="20230125 11:42:47.991" endtime="20230125 11:42:49.242"/>
</kw>
<kw name="Maximize Browser Window" library="SeleniumLibrary">
<doc>Maximizes current browser window.</doc>
<status status="PASS" starttime="20230125 11:42:49.242" endtime="20230125 11:42:49.382"/>
</kw>
<status status="PASS" starttime="20230125 11:42:47.991" endtime="20230125 11:42:49.382"/>
</kw>
<test id="s1-t1" name="Caso de Testes 01- Acesso ao menu &quot;Eletrônicos&quot;" line="11">
<kw name="Acessar a home page do site Amazon.com.br" library="amazon_resources">
<kw name="Go To" library="SeleniumLibrary">
<arg>url=${URL}</arg>
<doc>Navigates the current browser window to the provided ``url``.</doc>
<msg timestamp="20230125 11:42:49.385" level="INFO">Opening url 'http://www.amazon.com.br'</msg>
<status status="PASS" starttime="20230125 11:42:49.385" endtime="20230125 11:42:55.877"/>
</kw>
<kw name="Wait Until Element Is Visible" library="SeleniumLibrary">
<arg>locator=${MENU_ELETRONICOS}</arg>
<doc>Waits until the element ``locator`` is visible.</doc>
<status status="PASS" starttime="20230125 11:42:55.878" endtime="20230125 11:42:55.931"/>
</kw>
<status status="PASS" starttime="20230125 11:42:49.384" endtime="20230125 11:42:55.931"/>
</kw>
<kw name="Verificar se o título da página fica &quot;Amazon.com.br | Tudo pra você, de A a Z.&quot;" library="amazon_resources" sourcename="Verificar se o título da página fica &quot;${TITULO}&quot;">
<kw name="Title Should Be" library="SeleniumLibrary">
<arg>title=${TITULO}</arg>
<doc>Verifies that the current page title equals ``title``.</doc>
<msg timestamp="20230125 11:42:55.958" level="INFO">Page title is 'Amazon.com.br | Tudo pra você, de A a Z.'.</msg>
<status status="PASS" starttime="20230125 11:42:55.932" endtime="20230125 11:42:55.958"/>
</kw>
<status status="PASS" starttime="20230125 11:42:55.932" endtime="20230125 11:42:55.958"/>
</kw>
<kw name="Entrar no menu &quot;Eletrônicos&quot;" library="amazon_resources">
<kw name="Click Element" library="SeleniumLibrary">
<arg>locator=${MENU_ELETRONICOS}</arg>
<doc>Click the element identified by ``locator``.</doc>
<msg timestamp="20230125 11:42:55.960" level="INFO">Clicking element '//a[@href='/Eletronicos-e-Tecnologia/b/?ie=UTF8&amp;node=16209062011&amp;ref_=nav_cs_electronics'][contains(.,'Eletrônicos')]'.</msg>
<status status="PASS" starttime="20230125 11:42:55.959" endtime="20230125 11:42:56.849"/>
</kw>
<status status="PASS" starttime="20230125 11:42:55.959" endtime="20230125 11:42:56.849"/>
</kw>
<kw name="Verificar se aparece a frase &quot;Eletrônicos e Tecnologia&quot;" library="amazon_resources" sourcename="Verificar se aparece a frase &quot;${FRASE}&quot;">
<kw name="Wait Until Page Contains" library="SeleniumLibrary">
<arg>text=${FRASE}</arg>
<doc>Waits until ``text`` appears on the current page.</doc>
<status status="PASS" starttime="20230125 11:42:56.850" endtime="20230125 11:42:57.120"/>
</kw>
<kw name="Wait Until Element Is Visible" library="SeleniumLibrary">
<arg>locator=${HEADER_ELETRONICOS}</arg>
<doc>Waits until the element ``locator`` is visible.</doc>
<status status="PASS" starttime="20230125 11:42:57.120" endtime="20230125 11:42:57.843"/>
</kw>
<status status="PASS" starttime="20230125 11:42:56.850" endtime="20230125 11:42:57.843"/>
</kw>
<kw name="Verificar se o título da página fica &quot;Eletrônicos e Tecnologia | Amazon.com.br&quot;" library="amazon_resources" sourcename="Verificar se o título da página fica &quot;${TITULO}&quot;">
<kw name="Title Should Be" library="SeleniumLibrary">
<arg>title=${TITULO}</arg>
<doc>Verifies that the current page title equals ``title``.</doc>
<msg timestamp="20230125 11:42:58.015" level="INFO">Page title is 'Eletrônicos e Tecnologia | Amazon.com.br'.</msg>
<status status="PASS" starttime="20230125 11:42:57.844" endtime="20230125 11:42:58.015"/>
</kw>
<status status="PASS" starttime="20230125 11:42:57.844" endtime="20230125 11:42:58.015"/>
</kw>
<kw name=" Verificar se aparece a categoria &quot;Computadores e Informática&quot;" library="amazon_resources">
<kw name="Element Should Be Visible" library="SeleniumLibrary">
<arg>locator=//img[contains(@alt,'Computadores e Informática')]</arg>
<doc>Verifies that the element identified by ``locator`` is visible.</doc>
<msg timestamp="20230125 11:42:58.195" level="INFO">Element '//img[contains(@alt,'Computadores e Informática')]' is displayed.</msg>
<status status="PASS" starttime="20230125 11:42:58.016" endtime="20230125 11:42:58.195"/>
</kw>
<status status="PASS" starttime="20230125 11:42:58.016" endtime="20230125 11:42:58.196"/>
</kw>
<doc>Esse teste verifica o menu eletrônicos do site da Amazon.com.br
e verifica a categoria Computadores e Informática</doc>
<tag>categoria</tag>
<tag>menus</tag>
<status status="PASS" starttime="20230125 11:42:49.383" endtime="20230125 11:42:58.198"/>
</test>
<test id="s1-t2" name="Caso de Teste 02- Pesquisa de um Produto" line="23">
<kw name="Acessar a home page do site Amazon.com.br" library="amazon_resources">
<kw name="Go To" library="SeleniumLibrary">
<arg>url=${URL}</arg>
<doc>Navigates the current browser window to the provided ``url``.</doc>
<msg timestamp="20230125 11:42:58.205" level="INFO">Opening url 'http://www.amazon.com.br'</msg>
<status status="PASS" starttime="20230125 11:42:58.204" endtime="20230125 11:42:59.701"/>
</kw>
<kw name="Wait Until Element Is Visible" library="SeleniumLibrary">
<arg>locator=${MENU_ELETRONICOS}</arg>
<doc>Waits until the element ``locator`` is visible.</doc>
<status status="PASS" starttime="20230125 11:42:59.702" endtime="20230125 11:42:59.908"/>
</kw>
<status status="PASS" starttime="20230125 11:42:58.204" endtime="20230125 11:42:59.908"/>
</kw>
<kw name="Digitar o nome de produto &quot;Xbox Series S&quot; no campo de pesquisa" library="amazon_resources" sourcename="Digitar o nome de produto &quot;${PRODUTO}&quot; no campo de pesquisa">
<kw name="Input Text" library="SeleniumLibrary">
<arg>locator=twotabsearchtextbox</arg>
<arg>text=${PRODUTO}</arg>
<doc>Types the given ``text`` into the text field identified by ``locator``.</doc>
<msg timestamp="20230125 11:42:59.909" level="INFO">Typing text 'Xbox Series S' into text field 'twotabsearchtextbox'.</msg>
<status status="PASS" starttime="20230125 11:42:59.909" endtime="20230125 11:43:00.111"/>
</kw>
<status status="PASS" starttime="20230125 11:42:59.908" endtime="20230125 11:43:00.111"/>
</kw>
<kw name="Clicar no botão de pesquisa" library="amazon_resources">
<kw name="Click Element" library="SeleniumLibrary">
<arg>locator=nav-search-submit-button</arg>
<doc>Click the element identified by ``locator``.</doc>
<msg timestamp="20230125 11:43:00.112" level="INFO">Clicking element 'nav-search-submit-button'.</msg>
<status status="PASS" starttime="20230125 11:43:00.112" endtime="20230125 11:43:02.182"/>
</kw>
<status status="PASS" starttime="20230125 11:43:00.111" endtime="20230125 11:43:02.182"/>
</kw>
<kw name="Verificar o resultado da pesquisa se está listando o produto &quot;Console Xbox Series S&quot;" library="amazon_resources" sourcename="Verificar o resultado da pesquisa se está listando o produto &quot;${PRODUTO}&quot;">
<kw name="Wait Until Element Is Visible" library="SeleniumLibrary">
<arg>locator=(//span[contains(.,'${PRODUTO}')])[2]</arg>
<doc>Waits until the element ``locator`` is visible.</doc>
<status status="PASS" starttime="20230125 11:43:02.184" endtime="20230125 11:43:02.212"/>
</kw>
<status status="PASS" starttime="20230125 11:43:02.183" endtime="20230125 11:43:02.212"/>
</kw>
<doc>Esse teste verifica a busca de um produto</doc>
<tag>busca_produtos</tag>
<tag>lista_busca</tag>
<status status="PASS" starttime="20230125 11:42:58.203" endtime="20230125 11:43:02.214"/>
</test>
<doc>Essa suite testa o site da Amazon.con.br</doc>
<status status="PASS" starttime="20230125 11:42:47.758" endtime="20230125 11:43:02.216"/>
</suite>
<statistics>
<total>
<stat pass="2" fail="0" skip="0">All Tests</stat>
</total>
<tag>
<stat pass="1" fail="0" skip="0">busca_produtos</stat>
<stat pass="1" fail="0" skip="0">categoria</stat>
<stat pass="1" fail="0" skip="0">lista_busca</stat>
<stat pass="1" fail="0" skip="0">menus</stat>
</tag>
<suite>
<stat pass="2" fail="0" skip="0" id="s1" name="Amazon Testes">Amazon Testes</stat>
</suite>
</statistics>
<errors>
</errors>
</robot>
