<?xml version="1.0" encoding="UTF-8"?>
<robot generator="Robot 6.0.2 (Python 3.11.1 on win32)" generated="20230128 20:24:40.647" rpa="false" schemaversion="3">
<suite id="s1" name="Amazon Testes Gherkin Bdd" source="C:\CursoUdemy\RobotFramework\WebTesting\amazon_testes_gherkin_bdd.robot">
<kw name="Abrir o navegador" library="amazon_resources" type="SETUP">
<kw name="Open Browser" library="SeleniumLibrary">
<arg>browser=chrome</arg>
<doc>Opens a new browser instance to the optional ``url``.</doc>
<msg timestamp="20230128 20:24:41.031" level="INFO">Opening browser 'chrome' to base url 'None'.</msg>
<status status="PASS" starttime="20230128 20:24:41.031" endtime="20230128 20:24:42.624"/>
</kw>
<kw name="Maximize Browser Window" library="SeleniumLibrary">
<doc>Maximizes current browser window.</doc>
<status status="PASS" starttime="20230128 20:24:42.624" endtime="20230128 20:24:42.790"/>
</kw>
<status status="PASS" starttime="20230128 20:24:41.030" endtime="20230128 20:24:42.790"/>
</kw>
<test id="s1-t1" name="Caso de Teste 02- Pesquisa de um Produto" line="26">
<kw name="Dado que estou na home page da Amazon.com.br" library="amazon_resources">
<kw name="Acessar a home page do site Amazon.com.br" library="amazon_resources">
<kw name="Go To" library="SeleniumLibrary">
<arg>url=${URL}</arg>
<doc>Navigates the current browser window to the provided ``url``.</doc>
<msg timestamp="20230128 20:24:42.804" level="INFO">Opening url 'http://www.amazon.com.br'</msg>
<status status="PASS" starttime="20230128 20:24:42.804" endtime="20230128 20:24:48.409"/>
</kw>
<kw name="Wait Until Element Is Visible" library="SeleniumLibrary">
<arg>locator=${MENU_ELETRONICOS}</arg>
<doc>Waits until the element ``locator`` is visible.</doc>
<status status="PASS" starttime="20230128 20:24:48.409" endtime="20230128 20:24:48.474"/>
</kw>
<status status="PASS" starttime="20230128 20:24:42.804" endtime="20230128 20:24:48.474"/>
</kw>
<kw name="Verificar se o título da página fica &quot;Amazon.com.br | Tudo pra você, de A a Z.&quot;" library="amazon_resources" sourcename="Verificar se o título da página fica &quot;${TITULO}&quot;">
<kw name="Title Should Be" library="SeleniumLibrary">
<arg>title=${TITULO}</arg>
<doc>Verifies that the current page title equals ``title``.</doc>
<msg timestamp="20230128 20:24:48.488" level="INFO">Page title is 'Amazon.com.br | Tudo pra você, de A a Z.'.</msg>
<status status="PASS" starttime="20230128 20:24:48.475" endtime="20230128 20:24:48.488"/>
</kw>
<status status="PASS" starttime="20230128 20:24:48.474" endtime="20230128 20:24:48.489"/>
</kw>
<status status="PASS" starttime="20230128 20:24:42.803" endtime="20230128 20:24:48.489"/>
</kw>
<kw name="Quando pesquisar pelo produto &quot;Xbox Series S&quot;" library="amazon_resources">
<kw name="Digitar o nome de produto &quot;Xbox Series S&quot; no campo de pesquisa" library="amazon_resources" sourcename="Digitar o nome de produto &quot;${PRODUTO}&quot; no campo de pesquisa">
<kw name="Input Text" library="SeleniumLibrary">
<arg>locator=twotabsearchtextbox</arg>
<arg>text=${PRODUTO}</arg>
<doc>Types the given ``text`` into the text field identified by ``locator``.</doc>
<msg timestamp="20230128 20:24:48.492" level="INFO">Typing text 'Xbox Series S' into text field 'twotabsearchtextbox'.</msg>
<status status="PASS" starttime="20230128 20:24:48.491" endtime="20230128 20:24:48.908"/>
</kw>
<status status="PASS" starttime="20230128 20:24:48.491" endtime="20230128 20:24:48.908"/>
</kw>
<kw name="Clicar no botão de pesquisa" library="amazon_resources">
<kw name="Click Element" library="SeleniumLibrary">
<arg>locator=nav-search-submit-button</arg>
<doc>Click the element identified by ``locator``.</doc>
<msg timestamp="20230128 20:24:48.909" level="INFO">Clicking element 'nav-search-submit-button'.</msg>
<status status="PASS" starttime="20230128 20:24:48.908" endtime="20230128 20:24:49.135"/>
</kw>
<status status="PASS" starttime="20230128 20:24:48.908" endtime="20230128 20:24:49.135"/>
</kw>
<status status="PASS" starttime="20230128 20:24:48.491" endtime="20230128 20:24:49.135"/>
</kw>
<kw name="Então o título da página deve ficar &quot;Amazon.com.br : Xbox Series S&quot;" library="amazon_resources">
<kw name="Verificar se o título da página fica &quot;Xbox Series S&quot;" library="amazon_resources" sourcename="Verificar se o título da página fica &quot;${TITULO}&quot;">
<kw name="Title Should Be" library="SeleniumLibrary">
<arg>title=${TITULO}</arg>
<doc>Verifies that the current page title equals ``title``.</doc>
<msg timestamp="20230128 20:24:50.169" level="INFO" html="true">&lt;/td&gt;&lt;/tr&gt;&lt;tr&gt;&lt;td colspan="3"&gt;&lt;a href="selenium-screenshot-8.png"&gt;&lt;img src="selenium-screenshot-8.png" width="800px"&gt;&lt;/a&gt;</msg>
<msg timestamp="20230128 20:24:50.169" level="FAIL">Title should have been 'Xbox Series S' but was ''.</msg>
<status status="FAIL" starttime="20230128 20:24:49.136" endtime="20230128 20:24:50.173"/>
</kw>
<status status="FAIL" starttime="20230128 20:24:49.136" endtime="20230128 20:24:50.174"/>
</kw>
<status status="FAIL" starttime="20230128 20:24:49.136" endtime="20230128 20:24:50.175"/>
</kw>
<kw name="E um produto da linha &quot;Xbox Series S&quot; deve ser mostrado na página" library="amazon_resources">
<status status="NOT RUN" starttime="20230128 20:24:50.178" endtime="20230128 20:24:50.178"/>
</kw>
<kw name="Fechar o navegador" library="amazon_resources" type="TEARDOWN">
<kw name="Capture Page Screenshot" library="SeleniumLibrary">
<doc>Takes a screenshot of the current page and embeds it into a log file.</doc>
<msg timestamp="20230128 20:24:50.858" level="INFO" html="true">&lt;/td&gt;&lt;/tr&gt;&lt;tr&gt;&lt;td colspan="3"&gt;&lt;a href="selenium-screenshot-9.png"&gt;&lt;img src="selenium-screenshot-9.png" width="800px"&gt;&lt;/a&gt;</msg>
<status status="PASS" starttime="20230128 20:24:50.181" endtime="20230128 20:24:50.858"/>
</kw>
<kw name="Close Browser" library="SeleniumLibrary">
<doc>Closes the current browser.</doc>
<status status="PASS" starttime="20230128 20:24:50.858" endtime="20230128 20:24:53.332"/>
</kw>
<status status="PASS" starttime="20230128 20:24:50.181" endtime="20230128 20:24:53.333"/>
</kw>
<doc>Esse teste verifica a busca de um produto</doc>
<tag>busca_produtos</tag>
<tag>lista_busca</tag>
<status status="FAIL" starttime="20230128 20:24:42.791" endtime="20230128 20:24:53.334">Title should have been 'Xbox Series S' but was ''.</status>
</test>
<doc>Essa suite testa o site da Amazon.con.br</doc>
<status status="FAIL" starttime="20230128 20:24:40.649" endtime="20230128 20:24:53.340"/>
</suite>
<statistics>
<total>
<stat pass="0" fail="1" skip="0">All Tests</stat>
</total>
<tag>
<stat pass="0" fail="1" skip="0">busca_produtos</stat>
<stat pass="0" fail="1" skip="0">lista_busca</stat>
</tag>
<suite>
<stat pass="0" fail="1" skip="0" id="s1" name="Amazon Testes Gherkin Bdd">Amazon Testes Gherkin Bdd</stat>
</suite>
</statistics>
<errors>
</errors>
</robot>
